{"/Users/abrarahmad/Desktop/CloudSight/cloudsight/ingestion/telemetry-processor/src/config.ts": {"path":"/Users/abrarahmad/Desktop/CloudSight/cloudsight/ingestion/telemetry-processor/src/config.ts","statementMap":{"0":{"start":{"line":20,"column":2},"end":{"line":36,"column":4}},"1":{"start":{"line":19,"column":0},"end":{"line":19,"column":16}}},"fnMap":{"0":{"name":"getConfig","decl":{"start":{"line":19,"column":16},"end":{"line":19,"column":25}},"loc":{"start":{"line":19,"column":25},"end":{"line":37,"column":1}}}},"branchMap":{"0":{"loc":{"start":{"line":22,"column":11},"end":{"line":22,"column":64}},"type":"binary-expr","locations":[{"start":{"line":22,"column":11},"end":{"line":22,"column":37}},{"start":{"line":22,"column":41},"end":{"line":22,"column":64}}]},"1":{"loc":{"start":{"line":23,"column":16},"end":{"line":23,"column":60}},"type":"binary-expr","locations":[{"start":{"line":23,"column":16},"end":{"line":23,"column":47}},{"start":{"line":23,"column":51},"end":{"line":23,"column":60}}]},"2":{"loc":{"start":{"line":24,"column":16},"end":{"line":24,"column":53}},"type":"binary-expr","locations":[{"start":{"line":24,"column":16},"end":{"line":24,"column":47}},{"start":{"line":24,"column":51},"end":{"line":24,"column":53}}]},"3":{"loc":{"start":{"line":25,"column":16},"end":{"line":25,"column":63}},"type":"binary-expr","locations":[{"start":{"line":25,"column":16},"end":{"line":25,"column":47}},{"start":{"line":25,"column":51},"end":{"line":25,"column":63}}]},"4":{"loc":{"start":{"line":26,"column":27},"end":{"line":26,"column":68}},"type":"binary-expr","locations":[{"start":{"line":26,"column":27},"end":{"line":26,"column":61}},{"start":{"line":26,"column":65},"end":{"line":26,"column":68}}]},"5":{"loc":{"start":{"line":27,"column":31},"end":{"line":27,"column":72}},"type":"binary-expr","locations":[{"start":{"line":27,"column":31},"end":{"line":27,"column":61}},{"start":{"line":27,"column":65},"end":{"line":27,"column":72}}]},"6":{"loc":{"start":{"line":30,"column":12},"end":{"line":30,"column":69}},"type":"binary-expr","locations":[{"start":{"line":30,"column":12},"end":{"line":30,"column":42}},{"start":{"line":30,"column":46},"end":{"line":30,"column":69}}]},"7":{"loc":{"start":{"line":31,"column":16},"end":{"line":31,"column":56}},"type":"binary-expr","locations":[{"start":{"line":31,"column":16},"end":{"line":31,"column":50}},{"start":{"line":31,"column":54},"end":{"line":31,"column":56}}]},"8":{"loc":{"start":{"line":32,"column":16},"end":{"line":32,"column":56}},"type":"binary-expr","locations":[{"start":{"line":32,"column":16},"end":{"line":32,"column":50}},{"start":{"line":32,"column":54},"end":{"line":32,"column":56}}]},"9":{"loc":{"start":{"line":33,"column":27},"end":{"line":33,"column":71}},"type":"binary-expr","locations":[{"start":{"line":33,"column":27},"end":{"line":33,"column":64}},{"start":{"line":33,"column":68},"end":{"line":33,"column":71}}]},"10":{"loc":{"start":{"line":34,"column":31},"end":{"line":34,"column":75}},"type":"binary-expr","locations":[{"start":{"line":34,"column":31},"end":{"line":34,"column":64}},{"start":{"line":34,"column":68},"end":{"line":34,"column":75}}]}},"s":{"0":15,"1":1},"f":{"0":15},"b":{"0":[15,0],"1":[15,0],"2":[15,0],"3":[15,0],"4":[15,15],"5":[15,15],"6":[15,0],"7":[15,0],"8":[15,0],"9":[15,15],"10":[15,15]}}
,"/Users/abrarahmad/Desktop/CloudSight/cloudsight/ingestion/telemetry-processor/src/processor.ts": {"path":"/Users/abrarahmad/Desktop/CloudSight/cloudsight/ingestion/telemetry-processor/src/processor.ts","statementMap":{"0":{"start":{"line":2,"column":0},"end":{"line":2,"column":56}},"1":{"start":{"line":3,"column":0},"end":{"line":3,"column":62}},"2":{"start":{"line":4,"column":0},"end":{"line":4,"column":55}},"3":{"start":{"line":5,"column":0},"end":{"line":5,"column":52}},"4":{"start":{"line":6,"column":0},"end":{"line":6,"column":68}},"5":{"start":{"line":14,"column":0},"end":{"line":14,"column":37}},"6":{"start":{"line":21,"column":10},"end":{"line":21,"column":37}},"7":{"start":{"line":22,"column":10},"end":{"line":22,"column":45}},"8":{"start":{"line":25,"column":19},"end":{"line":25,"column":30}},"9":{"start":{"line":26,"column":4},"end":{"line":26,"column":62}},"10":{"start":{"line":27,"column":4},"end":{"line":27,"column":71}},"11":{"start":{"line":28,"column":4},"end":{"line":28,"column":46}},"12":{"start":{"line":29,"column":4},"end":{"line":29,"column":43}},"13":{"start":{"line":36,"column":22},"end":{"line":36,"column":32}},"14":{"start":{"line":37,"column":42},"end":{"line":41,"column":6}},"15":{"start":{"line":43,"column":4},"end":{"line":147,"column":null}},"16":{"start":{"line":45,"column":28},"end":{"line":45,"column":62}},"17":{"start":{"line":46,"column":6},"end":{"line":53,"column":null}},"18":{"start":{"line":47,"column":8},"end":{"line":52,"column":10}},"19":{"start":{"line":56,"column":6},"end":{"line":56,"column":39}},"20":{"start":{"line":58,"column":41},"end":{"line":58,"column":43}},"21":{"start":{"line":59,"column":36},"end":{"line":59,"column":38}},"22":{"start":{"line":62,"column":33},"end":{"line":63,"column":null}},"23":{"start":{"line":63,"column":8},"end":{"line":63,"column":41}},"24":{"start":{"line":66,"column":31},"end":{"line":66,"column":75}},"25":{"start":{"line":69,"column":6},"end":{"line":82,"column":null}},"26":{"start":{"line":70,"column":8},"end":{"line":81,"column":null}},"27":{"start":{"line":71,"column":36},"end":{"line":71,"column":54}},"28":{"start":{"line":72,"column":10},"end":{"line":72,"column":43}},"29":{"start":{"line":72,"column":22},"end":{"line":72,"column":43}},"30":{"start":{"line":73,"column":10},"end":{"line":73,"column":40}},"31":{"start":{"line":73,"column":21},"end":{"line":73,"column":40}},"32":{"start":{"line":74,"column":10},"end":{"line":74,"column":37}},"33":{"start":{"line":76,"column":10},"end":{"line":76,"column":33}},"34":{"start":{"line":77,"column":10},"end":{"line":80,"column":13}},"35":{"start":{"line":85,"column":6},"end":{"line":90,"column":null}},"36":{"start":{"line":86,"column":8},"end":{"line":89,"column":10}},"37":{"start":{"line":87,"column":16},"end":{"line":87,"column":54}},"38":{"start":{"line":92,"column":6},"end":{"line":97,"column":null}},"39":{"start":{"line":93,"column":8},"end":{"line":96,"column":10}},"40":{"start":{"line":94,"column":16},"end":{"line":94,"column":58}},"41":{"start":{"line":99,"column":29},"end":{"line":99,"column":51}},"42":{"start":{"line":102,"column":6},"end":{"line":108,"column":8}},"43":{"start":{"line":110,"column":6},"end":{"line":118,"column":9}},"44":{"start":{"line":120,"column":6},"end":{"line":120,"column":20}},"45":{"start":{"line":123,"column":30},"end":{"line":123,"column":48}},"46":{"start":{"line":125,"column":6},"end":{"line":131,"column":9}},"47":{"start":{"line":134,"column":6},"end":{"line":136,"column":null}},"48":{"start":{"line":135,"column":8},"end":{"line":135,"column":30}},"49":{"start":{"line":139,"column":6},"end":{"line":139,"column":50}},"50":{"start":{"line":140,"column":6},"end":{"line":140,"column":35}},"51":{"start":{"line":141,"column":6},"end":{"line":144,"column":9}},"52":{"start":{"line":146,"column":6},"end":{"line":146,"column":20}},"53":{"start":{"line":154,"column":4},"end":{"line":183,"column":null}},"54":{"start":{"line":155,"column":22},"end":{"line":155,"column":82}},"55":{"start":{"line":157,"column":6},"end":{"line":159,"column":null}},"56":{"start":{"line":158,"column":8},"end":{"line":158,"column":105}},"57":{"start":{"line":161,"column":30},"end":{"line":161,"column":49}},"58":{"start":{"line":163,"column":6},"end":{"line":177,"column":null}},"59":{"start":{"line":164,"column":23},"end":{"line":164,"column":69}},"60":{"start":{"line":165,"column":32},"end":{"line":165,"column":60}},"61":{"start":{"line":166,"column":8},"end":{"line":166,"column":43}},"62":{"start":{"line":167,"column":13},"end":{"line":177,"column":null}},"63":{"start":{"line":168,"column":22},"end":{"line":168,"column":67}},"64":{"start":{"line":169,"column":8},"end":{"line":169,"column":25}},"65":{"start":{"line":171,"column":8},"end":{"line":176,"column":10}},"66":{"start":{"line":179,"column":30},"end":{"line":179,"column":48}},"67":{"start":{"line":180,"column":6},"end":{"line":180,"column":50}},"68":{"start":{"line":181,"column":6},"end":{"line":181,"column":84}},"69":{"start":{"line":182,"column":6},"end":{"line":182,"column":28}},"70":{"start":{"line":187,"column":4},"end":{"line":199,"column":null}},"71":{"start":{"line":188,"column":6},"end":{"line":191,"column":9}},"72":{"start":{"line":193,"column":6},"end":{"line":198,"column":8}},"73":{"start":{"line":209,"column":4},"end":{"line":224,"column":null}},"74":{"start":{"line":209,"column":23},"end":{"line":209,"column":24}},"75":{"start":{"line":210,"column":6},"end":{"line":223,"column":null}},"76":{"start":{"line":211,"column":8},"end":{"line":211,"column":33}},"77":{"start":{"line":213,"column":8},"end":{"line":213,"column":35}},"78":{"start":{"line":215,"column":8},"end":{"line":217,"column":null}},"79":{"start":{"line":216,"column":10},"end":{"line":216,"column":16}},"80":{"start":{"line":219,"column":26},"end":{"line":219,"column":70}},"81":{"start":{"line":220,"column":8},"end":{"line":220,"column":105}},"82":{"start":{"line":222,"column":8},"end":{"line":222,"column":69}},"83":{"start":{"line":222,"column":37},"end":{"line":222,"column":67}},"84":{"start":{"line":226,"column":4},"end":{"line":231,"column":6}},"85":{"start":{"line":235,"column":4},"end":{"line":248,"column":6}},"86":{"start":{"line":259,"column":4},"end":{"line":284,"column":null}},"87":{"start":{"line":260,"column":54},"end":{"line":263,"column":8}},"88":{"start":{"line":265,"column":34},"end":{"line":265,"column":73}},"89":{"start":{"line":267,"column":6},"end":{"line":274,"column":8}},"90":{"start":{"line":276,"column":6},"end":{"line":283,"column":8}},"91":{"start":{"line":288,"column":4},"end":{"line":288,"column":37}},"92":{"start":{"line":292,"column":4},"end":{"line":295,"column":7}},"93":{"start":{"line":16,"column":0},"end":{"line":16,"column":13}}},"fnMap":{"0":{"name":"(anonymous_0)","decl":{"start":{"line":24,"column":2},"end":{"line":24,"column":null}},"loc":{"start":{"line":24,"column":2},"end":{"line":30,"column":3}}},"1":{"name":"(anonymous_1)","decl":{"start":{"line":32,"column":2},"end":{"line":32,"column":7}},"loc":{"start":{"line":34,"column":20},"end":{"line":148,"column":3}}},"2":{"name":"(anonymous_2)","decl":{"start":{"line":62,"column":51},"end":{"line":62,"column":52}},"loc":{"start":{"line":63,"column":8},"end":{"line":63,"column":41}}},"3":{"name":"(anonymous_3)","decl":{"start":{"line":87,"column":10},"end":{"line":87,"column":13}},"loc":{"start":{"line":87,"column":16},"end":{"line":87,"column":54}}},"4":{"name":"(anonymous_4)","decl":{"start":{"line":94,"column":10},"end":{"line":94,"column":13}},"loc":{"start":{"line":94,"column":16},"end":{"line":94,"column":58}}},"5":{"name":"(anonymous_5)","decl":{"start":{"line":150,"column":10},"end":{"line":150,"column":15}},"loc":{"start":{"line":150,"column":66},"end":{"line":184,"column":3}}},"6":{"name":"(anonymous_6)","decl":{"start":{"line":186,"column":10},"end":{"line":186,"column":15}},"loc":{"start":{"line":186,"column":35},"end":{"line":200,"column":3}}},"7":{"name":"(anonymous_7)","decl":{"start":{"line":202,"column":10},"end":{"line":202,"column":15}},"loc":{"start":{"line":205,"column":26},"end":{"line":232,"column":3}}},"8":{"name":"(anonymous_8)","decl":{"start":{"line":222,"column":26},"end":{"line":222,"column":33}},"loc":{"start":{"line":222,"column":37},"end":{"line":222,"column":67}}},"9":{"name":"(anonymous_9)","decl":{"start":{"line":234,"column":10},"end":{"line":234,"column":25}},"loc":{"start":{"line":234,"column":50},"end":{"line":249,"column":3}}},"10":{"name":"(anonymous_10)","decl":{"start":{"line":251,"column":2},"end":{"line":251,"column":7}},"loc":{"start":{"line":251,"column":19},"end":{"line":285,"column":3}}},"11":{"name":"(anonymous_11)","decl":{"start":{"line":287,"column":2},"end":{"line":287,"column":23}},"loc":{"start":{"line":287,"column":23},"end":{"line":289,"column":3}}},"12":{"name":"(anonymous_12)","decl":{"start":{"line":291,"column":2},"end":{"line":291,"column":7}},"loc":{"start":{"line":291,"column":13},"end":{"line":296,"column":3}}}},"branchMap":{"0":{"loc":{"start":{"line":46,"column":6},"end":{"line":53,"column":null}},"type":"if","locations":[{"start":{"line":46,"column":6},"end":{"line":53,"column":null}}]},"1":{"loc":{"start":{"line":70,"column":8},"end":{"line":81,"column":null}},"type":"if","locations":[{"start":{"line":70,"column":8},"end":{"line":81,"column":null}},{"start":{"line":75,"column":15},"end":{"line":81,"column":null}}]},"2":{"loc":{"start":{"line":72,"column":10},"end":{"line":72,"column":43}},"type":"if","locations":[{"start":{"line":72,"column":10},"end":{"line":72,"column":43}}]},"3":{"loc":{"start":{"line":73,"column":10},"end":{"line":73,"column":40}},"type":"if","locations":[{"start":{"line":73,"column":10},"end":{"line":73,"column":40}}]},"4":{"loc":{"start":{"line":85,"column":6},"end":{"line":90,"column":null}},"type":"if","locations":[{"start":{"line":85,"column":6},"end":{"line":90,"column":null}}]},"5":{"loc":{"start":{"line":92,"column":6},"end":{"line":97,"column":null}},"type":"if","locations":[{"start":{"line":92,"column":6},"end":{"line":97,"column":null}}]},"6":{"loc":{"start":{"line":134,"column":6},"end":{"line":136,"column":null}},"type":"if","locations":[{"start":{"line":134,"column":6},"end":{"line":136,"column":null}}]},"7":{"loc":{"start":{"line":134,"column":10},"end":{"line":134,"column":81}},"type":"binary-expr","locations":[{"start":{"line":134,"column":10},"end":{"line":134,"column":35}},{"start":{"line":134,"column":39},"end":{"line":134,"column":81}}]},"8":{"loc":{"start":{"line":157,"column":6},"end":{"line":159,"column":null}},"type":"if","locations":[{"start":{"line":157,"column":6},"end":{"line":159,"column":null}}]},"9":{"loc":{"start":{"line":163,"column":6},"end":{"line":177,"column":null}},"type":"if","locations":[{"start":{"line":163,"column":6},"end":{"line":177,"column":null}},{"start":{"line":167,"column":13},"end":{"line":177,"column":null}}]},"10":{"loc":{"start":{"line":167,"column":13},"end":{"line":177,"column":null}},"type":"if","locations":[{"start":{"line":167,"column":13},"end":{"line":177,"column":null}},{"start":{"line":170,"column":13},"end":{"line":177,"column":null}}]},"11":{"loc":{"start":{"line":197,"column":17},"end":{"line":197,"column":71}},"type":"cond-expr","locations":[{"start":{"line":197,"column":42},"end":{"line":197,"column":55}},{"start":{"line":197,"column":58},"end":{"line":197,"column":71}}]},"12":{"loc":{"start":{"line":205,"column":4},"end":{"line":205,"column":26}},"type":"default-arg","locations":[{"start":{"line":205,"column":25},"end":{"line":205,"column":26}}]},"13":{"loc":{"start":{"line":215,"column":8},"end":{"line":217,"column":null}},"type":"if","locations":[{"start":{"line":215,"column":8},"end":{"line":217,"column":null}}]},"14":{"loc":{"start":{"line":240,"column":21},"end":{"line":240,"column":65}},"type":"binary-expr","locations":[{"start":{"line":240,"column":21},"end":{"line":240,"column":52}},{"start":{"line":240,"column":56},"end":{"line":240,"column":65}}]},"15":{"loc":{"start":{"line":241,"column":14},"end":{"line":241,"column":51}},"type":"binary-expr","locations":[{"start":{"line":241,"column":14},"end":{"line":241,"column":38}},{"start":{"line":241,"column":42},"end":{"line":241,"column":51}}]},"16":{"loc":{"start":{"line":245,"column":19},"end":{"line":245,"column":102}},"type":"cond-expr","locations":[{"start":{"line":245,"column":51},"end":{"line":245,"column":90}},{"start":{"line":245,"column":93},"end":{"line":245,"column":102}}]},"17":{"loc":{"start":{"line":265,"column":34},"end":{"line":265,"column":73}},"type":"binary-expr","locations":[{"start":{"line":265,"column":34},"end":{"line":265,"column":50}},{"start":{"line":265,"column":54},"end":{"line":265,"column":73}}]},"18":{"loc":{"start":{"line":268,"column":16},"end":{"line":268,"column":60}},"type":"cond-expr","locations":[{"start":{"line":268,"column":38},"end":{"line":268,"column":47}},{"start":{"line":268,"column":50},"end":{"line":268,"column":60}}]}},"s":{"0":1,"1":1,"2":1,"3":1,"4":1,"5":1,"6":15,"7":15,"8":15,"9":15,"10":15,"11":15,"12":15,"13":7,"14":7,"15":7,"16":7,"17":7,"18":1,"19":6,"20":0,"21":0,"22":0,"23":0,"24":0,"25":0,"26":0,"27":0,"28":0,"29":0,"30":0,"31":0,"32":0,"33":0,"34":0,"35":0,"36":0,"37":0,"38":0,"39":0,"40":0,"41":0,"42":0,"43":0,"44":0,"45":7,"46":7,"47":7,"48":0,"49":7,"50":7,"51":7,"52":7,"53":0,"54":0,"55":0,"56":0,"57":0,"58":0,"59":0,"60":0,"61":0,"62":0,"63":0,"64":0,"65":0,"66":0,"67":0,"68":0,"69":0,"70":6,"71":6,"72":6,"73":0,"74":0,"75":0,"76":0,"77":0,"78":0,"79":0,"80":0,"81":0,"82":0,"83":0,"84":0,"85":0,"86":1,"87":1,"88":0,"89":0,"90":0,"91":1,"92":15,"93":1},"f":{"0":15,"1":7,"2":0,"3":0,"4":0,"5":0,"6":6,"7":0,"8":0,"9":0,"10":1,"11":1,"12":15},"b":{"0":[1],"1":[0,0],"2":[0],"3":[0],"4":[0],"5":[0],"6":[0],"7":[7,7],"8":[0],"9":[0,0],"10":[0,0],"11":[0,6],"12":[0],"13":[0],"14":[0,0],"15":[0,0],"16":[0,0],"17":[0,0],"18":[0,0]}}
,"/Users/abrarahmad/Desktop/CloudSight/cloudsight/ingestion/telemetry-processor/src/clients/clickhouse.ts": {"path":"/Users/abrarahmad/Desktop/CloudSight/cloudsight/ingestion/telemetry-processor/src/clients/clickhouse.ts","statementMap":{"0":{"start":{"line":1,"column":0},"end":{"line":1,"column":90}},"1":{"start":{"line":16,"column":10},"end":{"line":16,"column":41}},"2":{"start":{"line":19,"column":4},"end":{"line":19,"column":25}},"3":{"start":{"line":20,"column":4},"end":{"line":35,"column":7}},"4":{"start":{"line":39,"column":4},"end":{"line":39,"column":35}},"5":{"start":{"line":39,"column":28},"end":{"line":39,"column":35}},"6":{"start":{"line":41,"column":4},"end":{"line":124,"column":null}},"7":{"start":{"line":43,"column":6},"end":{"line":48,"column":9}},"8":{"start":{"line":51,"column":6},"end":{"line":75,"column":9}},"9":{"start":{"line":78,"column":6},"end":{"line":98,"column":9}},"10":{"start":{"line":101,"column":6},"end":{"line":117,"column":9}},"11":{"start":{"line":119,"column":6},"end":{"line":119,"column":32}},"12":{"start":{"line":120,"column":6},"end":{"line":120,"column":66}},"13":{"start":{"line":122,"column":6},"end":{"line":122,"column":63}},"14":{"start":{"line":123,"column":6},"end":{"line":123,"column":18}},"15":{"start":{"line":128,"column":4},"end":{"line":130,"column":null}},"16":{"start":{"line":129,"column":6},"end":{"line":129,"column":30}},"17":{"start":{"line":132,"column":4},"end":{"line":158,"column":null}},"18":{"start":{"line":133,"column":19},"end":{"line":146,"column":9}},"19":{"start":{"line":133,"column":42},"end":{"line":146,"column":8}},"20":{"start":{"line":148,"column":6},"end":{"line":152,"column":9}},"21":{"start":{"line":154,"column":6},"end":{"line":154,"column":69}},"22":{"start":{"line":156,"column":6},"end":{"line":156,"column":72}},"23":{"start":{"line":157,"column":6},"end":{"line":157,"column":18}},"24":{"start":{"line":162,"column":4},"end":{"line":171,"column":null}},"25":{"start":{"line":163,"column":21},"end":{"line":165,"column":8}},"26":{"start":{"line":166,"column":19},"end":{"line":166,"column":38}},"27":{"start":{"line":167,"column":6},"end":{"line":167,"column":52}},"28":{"start":{"line":169,"column":6},"end":{"line":169,"column":62}},"29":{"start":{"line":170,"column":6},"end":{"line":170,"column":19}},"30":{"start":{"line":175,"column":4},"end":{"line":175,"column":30}},"31":{"start":{"line":13,"column":0},"end":{"line":13,"column":13}}},"fnMap":{"0":{"name":"(anonymous_0)","decl":{"start":{"line":18,"column":2},"end":{"line":18,"column":14}},"loc":{"start":{"line":18,"column":38},"end":{"line":36,"column":3}}},"1":{"name":"(anonymous_1)","decl":{"start":{"line":38,"column":2},"end":{"line":38,"column":7}},"loc":{"start":{"line":38,"column":18},"end":{"line":125,"column":3}}},"2":{"name":"(anonymous_2)","decl":{"start":{"line":127,"column":2},"end":{"line":127,"column":7}},"loc":{"start":{"line":127,"column":48},"end":{"line":159,"column":3}}},"3":{"name":"(anonymous_3)","decl":{"start":{"line":133,"column":31},"end":{"line":133,"column":37}},"loc":{"start":{"line":133,"column":42},"end":{"line":146,"column":8}}},"4":{"name":"(anonymous_4)","decl":{"start":{"line":161,"column":2},"end":{"line":161,"column":7}},"loc":{"start":{"line":161,"column":19},"end":{"line":172,"column":3}}},"5":{"name":"(anonymous_5)","decl":{"start":{"line":174,"column":2},"end":{"line":174,"column":7}},"loc":{"start":{"line":174,"column":13},"end":{"line":176,"column":3}}}},"branchMap":{"0":{"loc":{"start":{"line":39,"column":4},"end":{"line":39,"column":35}},"type":"if","locations":[{"start":{"line":39,"column":4},"end":{"line":39,"column":35}}]},"1":{"loc":{"start":{"line":128,"column":4},"end":{"line":130,"column":null}},"type":"if","locations":[{"start":{"line":128,"column":4},"end":{"line":130,"column":null}}]},"2":{"loc":{"start":{"line":140,"column":16},"end":{"line":140,"column":35}},"type":"binary-expr","locations":[{"start":{"line":140,"column":16},"end":{"line":140,"column":29}},{"start":{"line":140,"column":33},"end":{"line":140,"column":35}}]},"3":{"loc":{"start":{"line":141,"column":20},"end":{"line":141,"column":46}},"type":"binary-expr","locations":[{"start":{"line":141,"column":20},"end":{"line":141,"column":37}},{"start":{"line":141,"column":41},"end":{"line":141,"column":46}}]},"4":{"loc":{"start":{"line":142,"column":24},"end":{"line":142,"column":51}},"type":"binary-expr","locations":[{"start":{"line":142,"column":24},"end":{"line":142,"column":45}},{"start":{"line":142,"column":49},"end":{"line":142,"column":51}}]},"5":{"loc":{"start":{"line":143,"column":21},"end":{"line":143,"column":44}},"type":"binary-expr","locations":[{"start":{"line":143,"column":21},"end":{"line":143,"column":39}},{"start":{"line":143,"column":43},"end":{"line":143,"column":44}}]},"6":{"loc":{"start":{"line":144,"column":21},"end":{"line":144,"column":52}},"type":"binary-expr","locations":[{"start":{"line":144,"column":21},"end":{"line":144,"column":39}},{"start":{"line":144,"column":43},"end":{"line":144,"column":52}}]},"7":{"loc":{"start":{"line":145,"column":17},"end":{"line":145,"column":44}},"type":"binary-expr","locations":[{"start":{"line":145,"column":17},"end":{"line":145,"column":31}},{"start":{"line":145,"column":35},"end":{"line":145,"column":44}}]},"8":{"loc":{"start":{"line":167,"column":13},"end":{"line":167,"column":51}},"type":"binary-expr","locations":[{"start":{"line":167,"column":13},"end":{"line":167,"column":32}},{"start":{"line":167,"column":36},"end":{"line":167,"column":51}}]}},"s":{"0":2,"1":21,"2":21,"3":21,"4":12,"5":0,"6":12,"7":12,"8":6,"9":6,"10":6,"11":6,"12":6,"13":6,"14":6,"15":2,"16":0,"17":2,"18":2,"19":2,"20":2,"21":2,"22":0,"23":0,"24":3,"25":3,"26":2,"27":2,"28":1,"29":1,"30":22,"31":2},"f":{"0":21,"1":12,"2":2,"3":2,"4":3,"5":22},"b":{"0":[0],"1":[0],"2":[2,1],"3":[2,2],"4":[2,1],"5":[2,1],"6":[2,1],"7":[2,1],"8":[2,2]}}
,"/Users/abrarahmad/Desktop/CloudSight/cloudsight/ingestion/telemetry-processor/src/clients/elasticsearch.ts": {"path":"/Users/abrarahmad/Desktop/CloudSight/cloudsight/ingestion/telemetry-processor/src/clients/elasticsearch.ts","statementMap":{"0":{"start":{"line":1,"column":0},"end":{"line":1,"column":48}},"1":{"start":{"line":15,"column":10},"end":{"line":15,"column":41}},"2":{"start":{"line":18,"column":4},"end":{"line":18,"column":25}},"3":{"start":{"line":19,"column":4},"end":{"line":27,"column":7}},"4":{"start":{"line":31,"column":4},"end":{"line":31,"column":35}},"5":{"start":{"line":31,"column":28},"end":{"line":31,"column":35}},"6":{"start":{"line":33,"column":4},"end":{"line":78,"column":null}},"7":{"start":{"line":35,"column":26},"end":{"line":37,"column":8}},"8":{"start":{"line":39,"column":6},"end":{"line":71,"column":null}},"9":{"start":{"line":40,"column":8},"end":{"line":70,"column":11}},"10":{"start":{"line":73,"column":6},"end":{"line":73,"column":32}},"11":{"start":{"line":74,"column":6},"end":{"line":74,"column":68}},"12":{"start":{"line":76,"column":6},"end":{"line":76,"column":66}},"13":{"start":{"line":77,"column":6},"end":{"line":77,"column":18}},"14":{"start":{"line":82,"column":4},"end":{"line":84,"column":null}},"15":{"start":{"line":83,"column":6},"end":{"line":83,"column":30}},"16":{"start":{"line":86,"column":4},"end":{"line":112,"column":null}},"17":{"start":{"line":87,"column":23},"end":{"line":100,"column":8}},"18":{"start":{"line":102,"column":6},"end":{"line":106,"column":9}},"19":{"start":{"line":108,"column":6},"end":{"line":108,"column":69}},"20":{"start":{"line":110,"column":6},"end":{"line":110,"column":70}},"21":{"start":{"line":111,"column":6},"end":{"line":111,"column":18}},"22":{"start":{"line":116,"column":4},"end":{"line":118,"column":null}},"23":{"start":{"line":117,"column":6},"end":{"line":117,"column":30}},"24":{"start":{"line":120,"column":4},"end":{"line":156,"column":null}},"25":{"start":{"line":121,"column":25},"end":{"line":137,"column":8}},"26":{"start":{"line":121,"column":49},"end":{"line":137,"column":8}},"27":{"start":{"line":139,"column":23},"end":{"line":142,"column":8}},"28":{"start":{"line":144,"column":6},"end":{"line":150,"column":null}},"29":{"start":{"line":145,"column":23},"end":{"line":145,"column":78}},"30":{"start":{"line":145,"column":60},"end":{"line":145,"column":77}},"31":{"start":{"line":146,"column":8},"end":{"line":146,"column":75}},"32":{"start":{"line":147,"column":8},"end":{"line":149,"column":11}},"33":{"start":{"line":148,"column":10},"end":{"line":148,"column":65}},"34":{"start":{"line":152,"column":6},"end":{"line":152,"column":75}},"35":{"start":{"line":154,"column":6},"end":{"line":154,"column":76}},"36":{"start":{"line":155,"column":6},"end":{"line":155,"column":18}},"37":{"start":{"line":160,"column":4},"end":{"line":166,"column":null}},"38":{"start":{"line":161,"column":21},"end":{"line":161,"column":55}},"39":{"start":{"line":162,"column":6},"end":{"line":162,"column":37}},"40":{"start":{"line":164,"column":6},"end":{"line":164,"column":65}},"41":{"start":{"line":165,"column":6},"end":{"line":165,"column":19}},"42":{"start":{"line":170,"column":4},"end":{"line":170,"column":30}},"43":{"start":{"line":12,"column":0},"end":{"line":12,"column":13}}},"fnMap":{"0":{"name":"(anonymous_0)","decl":{"start":{"line":17,"column":2},"end":{"line":17,"column":14}},"loc":{"start":{"line":17,"column":41},"end":{"line":28,"column":3}}},"1":{"name":"(anonymous_1)","decl":{"start":{"line":30,"column":2},"end":{"line":30,"column":7}},"loc":{"start":{"line":30,"column":18},"end":{"line":79,"column":3}}},"2":{"name":"(anonymous_2)","decl":{"start":{"line":81,"column":2},"end":{"line":81,"column":7}},"loc":{"start":{"line":81,"column":37},"end":{"line":113,"column":3}}},"3":{"name":"(anonymous_3)","decl":{"start":{"line":115,"column":2},"end":{"line":115,"column":7}},"loc":{"start":{"line":115,"column":45},"end":{"line":157,"column":3}}},"4":{"name":"(anonymous_4)","decl":{"start":{"line":121,"column":40},"end":{"line":121,"column":45}},"loc":{"start":{"line":121,"column":49},"end":{"line":137,"column":8}}},"5":{"name":"(anonymous_5)","decl":{"start":{"line":145,"column":45},"end":{"line":145,"column":46}},"loc":{"start":{"line":145,"column":60},"end":{"line":145,"column":77}}},"6":{"name":"(anonymous_6)","decl":{"start":{"line":147,"column":23},"end":{"line":147,"column":24}},"loc":{"start":{"line":147,"column":38},"end":{"line":149,"column":9}}},"7":{"name":"(anonymous_7)","decl":{"start":{"line":159,"column":2},"end":{"line":159,"column":7}},"loc":{"start":{"line":159,"column":19},"end":{"line":167,"column":3}}},"8":{"name":"(anonymous_8)","decl":{"start":{"line":169,"column":2},"end":{"line":169,"column":7}},"loc":{"start":{"line":169,"column":13},"end":{"line":171,"column":3}}}},"branchMap":{"0":{"loc":{"start":{"line":31,"column":4},"end":{"line":31,"column":35}},"type":"if","locations":[{"start":{"line":31,"column":4},"end":{"line":31,"column":35}}]},"1":{"loc":{"start":{"line":39,"column":6},"end":{"line":71,"column":null}},"type":"if","locations":[{"start":{"line":39,"column":6},"end":{"line":71,"column":null}}]},"2":{"loc":{"start":{"line":82,"column":4},"end":{"line":84,"column":null}},"type":"if","locations":[{"start":{"line":82,"column":4},"end":{"line":84,"column":null}}]},"3":{"loc":{"start":{"line":97,"column":16},"end":{"line":97,"column":49}},"type":"cond-expr","locations":[{"start":{"line":97,"column":30},"end":{"line":97,"column":37}},{"start":{"line":97,"column":40},"end":{"line":97,"column":49}}]},"4":{"loc":{"start":{"line":116,"column":4},"end":{"line":118,"column":null}},"type":"if","locations":[{"start":{"line":116,"column":4},"end":{"line":118,"column":null}}]},"5":{"loc":{"start":{"line":133,"column":18},"end":{"line":133,"column":51}},"type":"cond-expr","locations":[{"start":{"line":133,"column":32},"end":{"line":133,"column":39}},{"start":{"line":133,"column":42},"end":{"line":133,"column":51}}]},"6":{"loc":{"start":{"line":144,"column":6},"end":{"line":150,"column":null}},"type":"if","locations":[{"start":{"line":144,"column":6},"end":{"line":150,"column":null}}]}},"s":{"0":1,"1":15,"2":15,"3":15,"4":6,"5":0,"6":6,"7":6,"8":0,"9":0,"10":0,"11":0,"12":4,"13":4,"14":0,"15":0,"16":0,"17":0,"18":0,"19":0,"20":0,"21":0,"22":0,"23":0,"24":0,"25":0,"26":0,"27":0,"28":0,"29":0,"30":0,"31":0,"32":0,"33":0,"34":0,"35":0,"36":0,"37":1,"38":1,"39":0,"40":0,"41":0,"42":15,"43":1},"f":{"0":15,"1":6,"2":0,"3":0,"4":0,"5":0,"6":0,"7":1,"8":15},"b":{"0":[0],"1":[0],"2":[0],"3":[0,0],"4":[0],"5":[0,0],"6":[0]}}
,"/Users/abrarahmad/Desktop/CloudSight/cloudsight/ingestion/telemetry-processor/src/utils/errorHandler.ts": {"path":"/Users/abrarahmad/Desktop/CloudSight/cloudsight/ingestion/telemetry-processor/src/utils/errorHandler.ts","statementMap":{"0":{"start":{"line":12,"column":4},"end":{"line":12,"column":19}},"1":{"start":{"line":13,"column":4},"end":{"line":13,"column":34}},"2":{"start":{"line":14,"column":4},"end":{"line":14,"column":21}},"3":{"start":{"line":15,"column":4},"end":{"line":15,"column":31}},"4":{"start":{"line":16,"column":4},"end":{"line":16,"column":27}},"5":{"start":{"line":1,"column":0},"end":{"line":1,"column":13}},"6":{"start":{"line":22,"column":4},"end":{"line":22,"column":55}},"7":{"start":{"line":20,"column":0},"end":{"line":20,"column":13}},"8":{"start":{"line":28,"column":4},"end":{"line":28,"column":52}},"9":{"start":{"line":26,"column":0},"end":{"line":26,"column":13}},"10":{"start":{"line":34,"column":4},"end":{"line":34,"column":53}},"11":{"start":{"line":32,"column":0},"end":{"line":32,"column":13}},"12":{"start":{"line":39,"column":2},"end":{"line":41,"column":null}},"13":{"start":{"line":40,"column":4},"end":{"line":40,"column":17}},"14":{"start":{"line":43,"column":2},"end":{"line":61,"column":null}},"15":{"start":{"line":45,"column":4},"end":{"line":51,"column":null}},"16":{"start":{"line":50,"column":6},"end":{"line":50,"column":78}},"17":{"start":{"line":54,"column":4},"end":{"line":60,"column":null}},"18":{"start":{"line":59,"column":6},"end":{"line":59,"column":77}},"19":{"start":{"line":63,"column":2},"end":{"line":68,"column":4}},"20":{"start":{"line":38,"column":0},"end":{"line":38,"column":16}}},"fnMap":{"0":{"name":"(anonymous_0)","decl":{"start":{"line":6,"column":2},"end":{"line":6,"column":null}},"loc":{"start":{"line":10,"column":37},"end":{"line":17,"column":3}}},"1":{"name":"(anonymous_1)","decl":{"start":{"line":21,"column":2},"end":{"line":21,"column":14}},"loc":{"start":{"line":21,"column":64},"end":{"line":23,"column":3}}},"2":{"name":"(anonymous_2)","decl":{"start":{"line":27,"column":2},"end":{"line":27,"column":14}},"loc":{"start":{"line":27,"column":64},"end":{"line":29,"column":3}}},"3":{"name":"(anonymous_3)","decl":{"start":{"line":33,"column":2},"end":{"line":33,"column":14}},"loc":{"start":{"line":33,"column":64},"end":{"line":35,"column":3}}},"4":{"name":"handleError","decl":{"start":{"line":38,"column":16},"end":{"line":38,"column":27}},"loc":{"start":{"line":38,"column":42},"end":{"line":69,"column":1}}}},"branchMap":{"0":{"loc":{"start":{"line":9,"column":4},"end":{"line":9,"column":30}},"type":"default-arg","locations":[{"start":{"line":9,"column":25},"end":{"line":9,"column":30}}]},"1":{"loc":{"start":{"line":10,"column":4},"end":{"line":10,"column":37}},"type":"default-arg","locations":[{"start":{"line":10,"column":35},"end":{"line":10,"column":37}}]},"2":{"loc":{"start":{"line":21,"column":31},"end":{"line":21,"column":64}},"type":"default-arg","locations":[{"start":{"line":21,"column":62},"end":{"line":21,"column":64}}]},"3":{"loc":{"start":{"line":27,"column":31},"end":{"line":27,"column":64}},"type":"default-arg","locations":[{"start":{"line":27,"column":62},"end":{"line":27,"column":64}}]},"4":{"loc":{"start":{"line":33,"column":31},"end":{"line":33,"column":64}},"type":"default-arg","locations":[{"start":{"line":33,"column":62},"end":{"line":33,"column":64}}]},"5":{"loc":{"start":{"line":39,"column":2},"end":{"line":41,"column":null}},"type":"if","locations":[{"start":{"line":39,"column":2},"end":{"line":41,"column":null}}]},"6":{"loc":{"start":{"line":43,"column":2},"end":{"line":61,"column":null}},"type":"if","locations":[{"start":{"line":43,"column":2},"end":{"line":61,"column":null}}]},"7":{"loc":{"start":{"line":45,"column":4},"end":{"line":51,"column":null}},"type":"if","locations":[{"start":{"line":45,"column":4},"end":{"line":51,"column":null}}]},"8":{"loc":{"start":{"line":46,"column":6},"end":{"line":48,"column":44}},"type":"binary-expr","locations":[{"start":{"line":46,"column":6},"end":{"line":46,"column":39}},{"start":{"line":47,"column":6},"end":{"line":47,"column":39}},{"start":{"line":48,"column":6},"end":{"line":48,"column":44}}]},"9":{"loc":{"start":{"line":54,"column":4},"end":{"line":60,"column":null}},"type":"if","locations":[{"start":{"line":54,"column":4},"end":{"line":60,"column":null}}]},"10":{"loc":{"start":{"line":55,"column":6},"end":{"line":57,"column":37}},"type":"binary-expr","locations":[{"start":{"line":55,"column":6},"end":{"line":55,"column":40}},{"start":{"line":56,"column":6},"end":{"line":56,"column":42}},{"start":{"line":57,"column":6},"end":{"line":57,"column":37}}]}},"s":{"0":30,"1":30,"2":30,"3":30,"4":30,"5":3,"6":12,"7":3,"8":3,"9":3,"10":4,"11":3,"12":15,"13":8,"14":7,"15":6,"16":3,"17":3,"18":2,"19":2,"20":3},"f":{"0":30,"1":12,"2":3,"3":4,"4":15},"b":{"0":[0],"1":[1],"2":[0],"3":[0],"4":[0],"5":[8],"6":[6],"7":[3],"8":[6,5,4],"9":[2],"10":[3,2,2]}}
,"/Users/abrarahmad/Desktop/CloudSight/cloudsight/ingestion/telemetry-processor/src/utils/metrics.ts": {"path":"/Users/abrarahmad/Desktop/CloudSight/cloudsight/ingestion/telemetry-processor/src/utils/metrics.ts","statementMap":{"0":{"start":{"line":2,"column":10},"end":{"line":2,"column":39}},"1":{"start":{"line":3,"column":10},"end":{"line":3,"column":36}},"2":{"start":{"line":4,"column":10},"end":{"line":4,"column":37}},"3":{"start":{"line":5,"column":10},"end":{"line":5,"column":36}},"4":{"start":{"line":6,"column":10},"end":{"line":6,"column":55}},"5":{"start":{"line":15,"column":4},"end":{"line":15,"column":47}},"6":{"start":{"line":16,"column":4},"end":{"line":16,"column":40}},"7":{"start":{"line":17,"column":4},"end":{"line":17,"column":42}},"8":{"start":{"line":18,"column":4},"end":{"line":18,"column":36}},"9":{"start":{"line":21,"column":4},"end":{"line":24,"column":null}},"10":{"start":{"line":22,"column":20},"end":{"line":22,"column":58}},"11":{"start":{"line":23,"column":6},"end":{"line":23,"column":51}},"12":{"start":{"line":28,"column":25},"end":{"line":28,"column":47}},"13":{"start":{"line":29,"column":25},"end":{"line":29,"column":87}},"14":{"start":{"line":29,"column":58},"end":{"line":29,"column":63}},"15":{"start":{"line":30,"column":30},"end":{"line":30,"column":69}},"16":{"start":{"line":31,"column":24},"end":{"line":31,"column":97}},"17":{"start":{"line":33,"column":4},"end":{"line":41,"column":6}},"18":{"start":{"line":45,"column":4},"end":{"line":45,"column":30}},"19":{"start":{"line":46,"column":4},"end":{"line":46,"column":27}},"20":{"start":{"line":47,"column":4},"end":{"line":47,"column":28}},"21":{"start":{"line":48,"column":4},"end":{"line":48,"column":25}},"22":{"start":{"line":49,"column":4},"end":{"line":49,"column":29}},"23":{"start":{"line":1,"column":0},"end":{"line":1,"column":13}}},"fnMap":{"0":{"name":"(anonymous_0)","decl":{"start":{"line":1,"column":0},"end":{"line":1,"column":13}},"loc":{"start":{"line":1,"column":0},"end":{"line":51,"column":1}}},"1":{"name":"(anonymous_1)","decl":{"start":{"line":8,"column":2},"end":{"line":8,"column":23}},"loc":{"start":{"line":13,"column":36},"end":{"line":25,"column":3}}},"2":{"name":"(anonymous_2)","decl":{"start":{"line":27,"column":2},"end":{"line":27,"column":12}},"loc":{"start":{"line":27,"column":12},"end":{"line":42,"column":3}}},"3":{"name":"(anonymous_3)","decl":{"start":{"line":29,"column":48},"end":{"line":29,"column":49}},"loc":{"start":{"line":29,"column":58},"end":{"line":29,"column":63}}},"4":{"name":"(anonymous_4)","decl":{"start":{"line":44,"column":2},"end":{"line":44,"column":7}},"loc":{"start":{"line":44,"column":7},"end":{"line":50,"column":3}}}},"branchMap":{"0":{"loc":{"start":{"line":22,"column":20},"end":{"line":22,"column":58}},"type":"binary-expr","locations":[{"start":{"line":22,"column":20},"end":{"line":22,"column":53}},{"start":{"line":22,"column":57},"end":{"line":22,"column":58}}]},"1":{"loc":{"start":{"line":29,"column":25},"end":{"line":29,"column":87}},"type":"binary-expr","locations":[{"start":{"line":29,"column":25},"end":{"line":29,"column":82}},{"start":{"line":29,"column":86},"end":{"line":29,"column":87}}]},"2":{"loc":{"start":{"line":30,"column":30},"end":{"line":30,"column":69}},"type":"binary-expr","locations":[{"start":{"line":30,"column":30},"end":{"line":30,"column":64}},{"start":{"line":30,"column":68},"end":{"line":30,"column":69}}]},"3":{"loc":{"start":{"line":31,"column":24},"end":{"line":31,"column":97}},"type":"binary-expr","locations":[{"start":{"line":31,"column":24},"end":{"line":31,"column":92}},{"start":{"line":31,"column":96},"end":{"line":31,"column":97}}]}},"s":{"0":15,"1":15,"2":15,"3":15,"4":15,"5":0,"6":0,"7":0,"8":0,"9":0,"10":0,"11":0,"12":1,"13":1,"14":0,"15":1,"16":1,"17":1,"18":0,"19":0,"20":0,"21":0,"22":0,"23":1},"f":{"0":15,"1":0,"2":1,"3":0,"4":0},"b":{"0":[0,0],"1":[1,1],"2":[1,1],"3":[1,1]}}
,"/Users/abrarahmad/Desktop/CloudSight/cloudsight/ingestion/telemetry-processor/src/utils/validator.ts": {"path":"/Users/abrarahmad/Desktop/CloudSight/cloudsight/ingestion/telemetry-processor/src/utils/validator.ts","statementMap":{"0":{"start":{"line":2,"column":0},"end":{"line":2,"column":49}},"1":{"start":{"line":5,"column":19},"end":{"line":5,"column":95}},"2":{"start":{"line":6,"column":19},"end":{"line":6,"column":97}},"3":{"start":{"line":10,"column":4},"end":{"line":14,"column":null}},"4":{"start":{"line":11,"column":6},"end":{"line":13,"column":null}},"5":{"start":{"line":12,"column":8},"end":{"line":12,"column":82}},"6":{"start":{"line":17,"column":4},"end":{"line":19,"column":null}},"7":{"start":{"line":18,"column":6},"end":{"line":18,"column":76}},"8":{"start":{"line":21,"column":4},"end":{"line":23,"column":null}},"9":{"start":{"line":22,"column":6},"end":{"line":22,"column":84}},"10":{"start":{"line":25,"column":4},"end":{"line":27,"column":null}},"11":{"start":{"line":26,"column":6},"end":{"line":26,"column":76}},"12":{"start":{"line":29,"column":4},"end":{"line":31,"column":null}},"13":{"start":{"line":30,"column":6},"end":{"line":30,"column":91}},"14":{"start":{"line":33,"column":4},"end":{"line":35,"column":null}},"15":{"start":{"line":34,"column":6},"end":{"line":34,"column":83}},"16":{"start":{"line":38,"column":4},"end":{"line":40,"column":null}},"17":{"start":{"line":39,"column":6},"end":{"line":39,"column":84}},"18":{"start":{"line":43,"column":4},"end":{"line":43,"column":36}},"19":{"start":{"line":45,"column":4},"end":{"line":45,"column":38}},"20":{"start":{"line":49,"column":4},"end":{"line":53,"column":null}},"21":{"start":{"line":50,"column":6},"end":{"line":52,"column":null}},"22":{"start":{"line":51,"column":8},"end":{"line":51,"column":87}},"23":{"start":{"line":55,"column":4},"end":{"line":57,"column":null}},"24":{"start":{"line":56,"column":6},"end":{"line":56,"column":72}},"25":{"start":{"line":59,"column":4},"end":{"line":61,"column":null}},"26":{"start":{"line":60,"column":6},"end":{"line":60,"column":71}},"27":{"start":{"line":63,"column":4},"end":{"line":65,"column":null}},"28":{"start":{"line":64,"column":6},"end":{"line":64,"column":89}},"29":{"start":{"line":67,"column":4},"end":{"line":69,"column":null}},"30":{"start":{"line":68,"column":6},"end":{"line":68,"column":82}},"31":{"start":{"line":71,"column":4},"end":{"line":71,"column":32}},"32":{"start":{"line":75,"column":17},"end":{"line":75,"column":28}},"33":{"start":{"line":78,"column":4},"end":{"line":80,"column":null}},"34":{"start":{"line":79,"column":6},"end":{"line":79,"column":81}},"35":{"start":{"line":83,"column":4},"end":{"line":85,"column":null}},"36":{"start":{"line":84,"column":6},"end":{"line":84,"column":91}},"37":{"start":{"line":88,"column":4},"end":{"line":91,"column":null}},"38":{"start":{"line":90,"column":6},"end":{"line":90,"column":81}},"39":{"start":{"line":94,"column":4},"end":{"line":96,"column":null}},"40":{"start":{"line":95,"column":6},"end":{"line":95,"column":88}},"41":{"start":{"line":98,"column":4},"end":{"line":100,"column":null}},"42":{"start":{"line":99,"column":6},"end":{"line":99,"column":84}},"43":{"start":{"line":104,"column":4},"end":{"line":109,"column":null}},"44":{"start":{"line":105,"column":6},"end":{"line":105,"column":26}},"45":{"start":{"line":106,"column":6},"end":{"line":106,"column":18}},"46":{"start":{"line":108,"column":6},"end":{"line":108,"column":19}},"47":{"start":{"line":4,"column":0},"end":{"line":4,"column":13}}},"fnMap":{"0":{"name":"(anonymous_0)","decl":{"start":{"line":4,"column":0},"end":{"line":4,"column":13}},"loc":{"start":{"line":4,"column":0},"end":{"line":111,"column":1}}},"1":{"name":"(anonymous_1)","decl":{"start":{"line":8,"column":2},"end":{"line":8,"column":16}},"loc":{"start":{"line":8,"column":28},"end":{"line":46,"column":3}}},"2":{"name":"(anonymous_2)","decl":{"start":{"line":48,"column":2},"end":{"line":48,"column":15}},"loc":{"start":{"line":48,"column":26},"end":{"line":72,"column":3}}},"3":{"name":"(anonymous_3)","decl":{"start":{"line":74,"column":10},"end":{"line":74,"column":28}},"loc":{"start":{"line":74,"column":53},"end":{"line":101,"column":3}}},"4":{"name":"(anonymous_4)","decl":{"start":{"line":103,"column":2},"end":{"line":103,"column":13}},"loc":{"start":{"line":103,"column":29},"end":{"line":110,"column":3}}}},"branchMap":{"0":{"loc":{"start":{"line":11,"column":6},"end":{"line":13,"column":null}},"type":"if","locations":[{"start":{"line":11,"column":6},"end":{"line":13,"column":null}}]},"1":{"loc":{"start":{"line":17,"column":4},"end":{"line":19,"column":null}},"type":"if","locations":[{"start":{"line":17,"column":4},"end":{"line":19,"column":null}}]},"2":{"loc":{"start":{"line":21,"column":4},"end":{"line":23,"column":null}},"type":"if","locations":[{"start":{"line":21,"column":4},"end":{"line":23,"column":null}}]},"3":{"loc":{"start":{"line":21,"column":8},"end":{"line":21,"column":67}},"type":"binary-expr","locations":[{"start":{"line":21,"column":8},"end":{"line":21,"column":40}},{"start":{"line":21,"column":44},"end":{"line":21,"column":67}}]},"4":{"loc":{"start":{"line":25,"column":4},"end":{"line":27,"column":null}},"type":"if","locations":[{"start":{"line":25,"column":4},"end":{"line":27,"column":null}}]},"5":{"loc":{"start":{"line":29,"column":4},"end":{"line":31,"column":null}},"type":"if","locations":[{"start":{"line":29,"column":4},"end":{"line":31,"column":null}}]},"6":{"loc":{"start":{"line":29,"column":8},"end":{"line":29,"column":83}},"type":"binary-expr","locations":[{"start":{"line":29,"column":8},"end":{"line":29,"column":44}},{"start":{"line":29,"column":48},"end":{"line":29,"column":83}}]},"7":{"loc":{"start":{"line":33,"column":4},"end":{"line":35,"column":null}},"type":"if","locations":[{"start":{"line":33,"column":4},"end":{"line":35,"column":null}}]},"8":{"loc":{"start":{"line":33,"column":8},"end":{"line":33,"column":75}},"type":"binary-expr","locations":[{"start":{"line":33,"column":8},"end":{"line":33,"column":45}},{"start":{"line":33,"column":49},"end":{"line":33,"column":75}}]},"9":{"loc":{"start":{"line":38,"column":4},"end":{"line":40,"column":null}},"type":"if","locations":[{"start":{"line":38,"column":4},"end":{"line":40,"column":null}}]},"10":{"loc":{"start":{"line":50,"column":6},"end":{"line":52,"column":null}},"type":"if","locations":[{"start":{"line":50,"column":6},"end":{"line":52,"column":null}}]},"11":{"loc":{"start":{"line":55,"column":4},"end":{"line":57,"column":null}},"type":"if","locations":[{"start":{"line":55,"column":4},"end":{"line":57,"column":null}}]},"12":{"loc":{"start":{"line":59,"column":4},"end":{"line":61,"column":null}},"type":"if","locations":[{"start":{"line":59,"column":4},"end":{"line":61,"column":null}}]},"13":{"loc":{"start":{"line":63,"column":4},"end":{"line":65,"column":null}},"type":"if","locations":[{"start":{"line":63,"column":4},"end":{"line":65,"column":null}}]},"14":{"loc":{"start":{"line":63,"column":8},"end":{"line":63,"column":81}},"type":"binary-expr","locations":[{"start":{"line":63,"column":8},"end":{"line":63,"column":43}},{"start":{"line":63,"column":47},"end":{"line":63,"column":81}}]},"15":{"loc":{"start":{"line":67,"column":4},"end":{"line":69,"column":null}},"type":"if","locations":[{"start":{"line":67,"column":4},"end":{"line":69,"column":null}}]},"16":{"loc":{"start":{"line":78,"column":4},"end":{"line":80,"column":null}},"type":"if","locations":[{"start":{"line":78,"column":4},"end":{"line":80,"column":null}}]},"17":{"loc":{"start":{"line":78,"column":8},"end":{"line":78,"column":51}},"type":"binary-expr","locations":[{"start":{"line":78,"column":8},"end":{"line":78,"column":29}},{"start":{"line":78,"column":33},"end":{"line":78,"column":51}}]},"18":{"loc":{"start":{"line":83,"column":4},"end":{"line":85,"column":null}},"type":"if","locations":[{"start":{"line":83,"column":4},"end":{"line":85,"column":null}}]},"19":{"loc":{"start":{"line":83,"column":8},"end":{"line":83,"column":67}},"type":"binary-expr","locations":[{"start":{"line":83,"column":8},"end":{"line":83,"column":33}},{"start":{"line":83,"column":37},"end":{"line":83,"column":67}}]},"20":{"loc":{"start":{"line":88,"column":4},"end":{"line":91,"column":null}},"type":"if","locations":[{"start":{"line":88,"column":4},"end":{"line":91,"column":null}}]},"21":{"loc":{"start":{"line":88,"column":8},"end":{"line":89,"column":31}},"type":"binary-expr","locations":[{"start":{"line":88,"column":9},"end":{"line":88,"column":33}},{"start":{"line":88,"column":37},"end":{"line":88,"column":59}},{"start":{"line":88,"column":63},"end":{"line":88,"column":90}},{"start":{"line":89,"column":8},"end":{"line":89,"column":31}}]},"22":{"loc":{"start":{"line":94,"column":4},"end":{"line":96,"column":null}},"type":"if","locations":[{"start":{"line":94,"column":4},"end":{"line":96,"column":null}}]},"23":{"loc":{"start":{"line":94,"column":8},"end":{"line":94,"column":80}},"type":"binary-expr","locations":[{"start":{"line":94,"column":8},"end":{"line":94,"column":33}},{"start":{"line":94,"column":38},"end":{"line":94,"column":54}},{"start":{"line":94,"column":58},"end":{"line":94,"column":79}}]},"24":{"loc":{"start":{"line":98,"column":4},"end":{"line":100,"column":null}},"type":"if","locations":[{"start":{"line":98,"column":4},"end":{"line":100,"column":null}}]},"25":{"loc":{"start":{"line":98,"column":8},"end":{"line":98,"column":82}},"type":"binary-expr","locations":[{"start":{"line":98,"column":9},"end":{"line":98,"column":33}},{"start":{"line":98,"column":37},"end":{"line":98,"column":59}},{"start":{"line":98,"column":64},"end":{"line":98,"column":82}}]}},"s":{"0":2,"1":32,"2":32,"3":10,"4":47,"5":1,"6":9,"7":0,"8":9,"9":1,"10":8,"11":0,"12":8,"13":1,"14":7,"15":1,"16":6,"17":1,"18":5,"19":2,"20":4,"21":14,"22":1,"23":3,"24":1,"25":2,"26":0,"27":2,"28":1,"29":1,"30":0,"31":1,"32":5,"33":5,"34":1,"35":4,"36":1,"37":3,"38":0,"39":3,"40":1,"41":2,"42":0,"43":3,"44":3,"45":1,"46":2,"47":2},"f":{"0":32,"1":10,"2":4,"3":5,"4":3},"b":{"0":[1],"1":[0],"2":[1],"3":[9,8],"4":[0],"5":[1],"6":[8,8],"7":[1],"8":[7,6],"9":[1],"10":[1],"11":[1],"12":[0],"13":[1],"14":[2,2],"15":[0],"16":[1],"17":[5,2],"18":[1],"19":[4,2],"20":[0],"21":[3,2,2,2],"22":[1],"23":[3,1,1],"24":[0],"25":[2,1,1]}}
}
