TN:
SF:src/config.ts
FN:19,getConfig
FNF:1
FNH:1
FNDA:15,getConfig
DA:19,1
DA:20,15
LF:2
LH:2
BRDA:22,0,0,15
BRDA:22,0,1,0
BRDA:23,1,0,15
BRDA:23,1,1,0
BRDA:24,2,0,15
BRDA:24,2,1,0
BRDA:25,3,0,15
BRDA:25,3,1,0
BRDA:26,4,0,15
BRDA:26,4,1,15
BRDA:27,5,0,15
BRDA:27,5,1,15
BRDA:30,6,0,15
BRDA:30,6,1,0
BRDA:31,7,0,15
BRDA:31,7,1,0
BRDA:32,8,0,15
BRDA:32,8,1,0
BRDA:33,9,0,15
BRDA:33,9,1,15
BRDA:34,10,0,15
BRDA:34,10,1,15
BRF:22
BRH:15
end_of_record
TN:
SF:src/processor.ts
FN:24,(anonymous_0)
FN:32,(anonymous_1)
FN:62,(anonymous_2)
FN:87,(anonymous_3)
FN:94,(anonymous_4)
FN:150,(anonymous_5)
FN:186,(anonymous_6)
FN:202,(anonymous_7)
FN:222,(anonymous_8)
FN:234,(anonymous_9)
FN:251,(anonymous_10)
FN:287,(anonymous_11)
FN:291,(anonymous_12)
FNF:13
FNH:6
FNDA:15,(anonymous_0)
FNDA:7,(anonymous_1)
FNDA:0,(anonymous_2)
FNDA:0,(anonymous_3)
FNDA:0,(anonymous_4)
FNDA:0,(anonymous_5)
FNDA:6,(anonymous_6)
FNDA:0,(anonymous_7)
FNDA:0,(anonymous_8)
FNDA:0,(anonymous_9)
FNDA:1,(anonymous_10)
FNDA:1,(anonymous_11)
FNDA:15,(anonymous_12)
DA:2,1
DA:3,1
DA:4,1
DA:5,1
DA:6,1
DA:14,1
DA:16,1
DA:21,15
DA:22,15
DA:25,15
DA:26,15
DA:27,15
DA:28,15
DA:29,15
DA:36,7
DA:37,7
DA:43,7
DA:45,7
DA:46,7
DA:47,1
DA:56,6
DA:58,0
DA:59,0
DA:62,0
DA:63,0
DA:66,0
DA:69,0
DA:70,0
DA:71,0
DA:72,0
DA:73,0
DA:74,0
DA:76,0
DA:77,0
DA:85,0
DA:86,0
DA:87,0
DA:92,0
DA:93,0
DA:94,0
DA:99,0
DA:102,0
DA:110,0
DA:120,0
DA:123,7
DA:125,7
DA:134,7
DA:135,0
DA:139,7
DA:140,7
DA:141,7
DA:146,7
DA:154,0
DA:155,0
DA:157,0
DA:158,0
DA:161,0
DA:163,0
DA:164,0
DA:165,0
DA:166,0
DA:167,0
DA:168,0
DA:169,0
DA:171,0
DA:179,0
DA:180,0
DA:181,0
DA:182,0
DA:187,6
DA:188,6
DA:193,6
DA:209,0
DA:210,0
DA:211,0
DA:213,0
DA:215,0
DA:216,0
DA:219,0
DA:220,0
DA:222,0
DA:226,0
DA:235,0
DA:259,1
DA:260,1
DA:265,0
DA:267,0
DA:276,0
DA:288,1
DA:292,15
LF:90
LH:35
BRDA:46,0,0,1
BRDA:70,1,0,0
BRDA:70,1,1,0
BRDA:72,2,0,0
BRDA:73,3,0,0
BRDA:85,4,0,0
BRDA:92,5,0,0
BRDA:134,6,0,0
BRDA:134,7,0,7
BRDA:134,7,1,7
BRDA:157,8,0,0
BRDA:163,9,0,0
BRDA:163,9,1,0
BRDA:167,10,0,0
BRDA:167,10,1,0
BRDA:197,11,0,0
BRDA:197,11,1,6
BRDA:205,12,0,0
BRDA:215,13,0,0
BRDA:240,14,0,0
BRDA:240,14,1,0
BRDA:241,15,0,0
BRDA:241,15,1,0
BRDA:245,16,0,0
BRDA:245,16,1,0
BRDA:265,17,0,0
BRDA:265,17,1,0
BRDA:268,18,0,0
BRDA:268,18,1,0
BRF:29
BRH:4
end_of_record
TN:
SF:src/clients/clickhouse.ts
FN:18,(anonymous_0)
FN:38,(anonymous_1)
FN:127,(anonymous_2)
FN:133,(anonymous_3)
FN:161,(anonymous_4)
FN:174,(anonymous_5)
FNF:6
FNH:6
FNDA:21,(anonymous_0)
FNDA:12,(anonymous_1)
FNDA:2,(anonymous_2)
FNDA:2,(anonymous_3)
FNDA:3,(anonymous_4)
FNDA:22,(anonymous_5)
DA:1,2
DA:13,2
DA:16,21
DA:19,21
DA:20,21
DA:39,12
DA:41,12
DA:43,12
DA:51,6
DA:78,6
DA:101,6
DA:119,6
DA:120,6
DA:122,6
DA:123,6
DA:128,2
DA:129,0
DA:132,2
DA:133,2
DA:148,2
DA:154,2
DA:156,0
DA:157,0
DA:162,3
DA:163,3
DA:166,2
DA:167,2
DA:169,1
DA:170,1
DA:175,22
LF:30
LH:27
BRDA:39,0,0,0
BRDA:128,1,0,0
BRDA:140,2,0,2
BRDA:140,2,1,1
BRDA:141,3,0,2
BRDA:141,3,1,2
BRDA:142,4,0,2
BRDA:142,4,1,1
BRDA:143,5,0,2
BRDA:143,5,1,1
BRDA:144,6,0,2
BRDA:144,6,1,1
BRDA:145,7,0,2
BRDA:145,7,1,1
BRDA:167,8,0,2
BRDA:167,8,1,2
BRF:16
BRH:14
end_of_record
TN:
SF:src/clients/elasticsearch.ts
FN:17,(anonymous_0)
FN:30,(anonymous_1)
FN:81,(anonymous_2)
FN:115,(anonymous_3)
FN:121,(anonymous_4)
FN:145,(anonymous_5)
FN:147,(anonymous_6)
FN:159,(anonymous_7)
FN:169,(anonymous_8)
FNF:9
FNH:4
FNDA:15,(anonymous_0)
FNDA:6,(anonymous_1)
FNDA:0,(anonymous_2)
FNDA:0,(anonymous_3)
FNDA:0,(anonymous_4)
FNDA:0,(anonymous_5)
FNDA:0,(anonymous_6)
FNDA:1,(anonymous_7)
FNDA:15,(anonymous_8)
DA:1,1
DA:12,1
DA:15,15
DA:18,15
DA:19,15
DA:31,6
DA:33,6
DA:35,6
DA:39,0
DA:40,0
DA:73,0
DA:74,0
DA:76,4
DA:77,4
DA:82,0
DA:83,0
DA:86,0
DA:87,0
DA:102,0
DA:108,0
DA:110,0
DA:111,0
DA:116,0
DA:117,0
DA:120,0
DA:121,0
DA:139,0
DA:144,0
DA:145,0
DA:146,0
DA:147,0
DA:148,0
DA:152,0
DA:154,0
DA:155,0
DA:160,1
DA:161,1
DA:162,0
DA:164,0
DA:165,0
DA:170,15
LF:41
LH:13
BRDA:31,0,0,0
BRDA:39,1,0,0
BRDA:82,2,0,0
BRDA:97,3,0,0
BRDA:97,3,1,0
BRDA:116,4,0,0
BRDA:133,5,0,0
BRDA:133,5,1,0
BRDA:144,6,0,0
BRF:9
BRH:0
end_of_record
TN:
SF:src/utils/errorHandler.ts
FN:6,(anonymous_0)
FN:21,(anonymous_1)
FN:27,(anonymous_2)
FN:33,(anonymous_3)
FN:38,handleError
FNF:5
FNH:5
FNDA:30,(anonymous_0)
FNDA:12,(anonymous_1)
FNDA:3,(anonymous_2)
FNDA:4,(anonymous_3)
FNDA:15,handleError
DA:1,3
DA:12,30
DA:13,30
DA:14,30
DA:15,30
DA:16,30
DA:20,3
DA:22,12
DA:26,3
DA:28,3
DA:32,3
DA:34,4
DA:38,3
DA:39,15
DA:40,8
DA:43,7
DA:45,6
DA:50,3
DA:54,3
DA:59,2
DA:63,2
LF:21
LH:21
BRDA:9,0,0,0
BRDA:10,1,0,1
BRDA:21,2,0,0
BRDA:27,3,0,0
BRDA:33,4,0,0
BRDA:39,5,0,8
BRDA:43,6,0,6
BRDA:45,7,0,3
BRDA:46,8,0,6
BRDA:46,8,1,5
BRDA:46,8,2,4
BRDA:54,9,0,2
BRDA:55,10,0,3
BRDA:55,10,1,2
BRDA:55,10,2,2
BRF:15
BRH:11
end_of_record
TN:
SF:src/utils/metrics.ts
FN:1,(anonymous_0)
FN:8,(anonymous_1)
FN:27,(anonymous_2)
FN:29,(anonymous_3)
FN:44,(anonymous_4)
FNF:5
FNH:2
FNDA:15,(anonymous_0)
FNDA:0,(anonymous_1)
FNDA:1,(anonymous_2)
FNDA:0,(anonymous_3)
FNDA:0,(anonymous_4)
DA:1,1
DA:2,15
DA:3,15
DA:4,15
DA:5,15
DA:6,15
DA:15,0
DA:16,0
DA:17,0
DA:18,0
DA:21,0
DA:22,0
DA:23,0
DA:28,1
DA:29,1
DA:30,1
DA:31,1
DA:33,1
DA:45,0
DA:46,0
DA:47,0
DA:48,0
DA:49,0
LF:23
LH:11
BRDA:22,0,0,0
BRDA:22,0,1,0
BRDA:29,1,0,1
BRDA:29,1,1,1
BRDA:30,2,0,1
BRDA:30,2,1,1
BRDA:31,3,0,1
BRDA:31,3,1,1
BRF:8
BRH:6
end_of_record
TN:
SF:src/utils/validator.ts
FN:4,(anonymous_0)
FN:8,(anonymous_1)
FN:48,(anonymous_2)
FN:74,(anonymous_3)
FN:103,(anonymous_4)
FNF:5
FNH:5
FNDA:32,(anonymous_0)
FNDA:10,(anonymous_1)
FNDA:4,(anonymous_2)
FNDA:5,(anonymous_3)
FNDA:3,(anonymous_4)
DA:2,2
DA:4,2
DA:5,32
DA:6,32
DA:10,10
DA:11,47
DA:12,1
DA:17,9
DA:18,0
DA:21,9
DA:22,1
DA:25,8
DA:26,0
DA:29,8
DA:30,1
DA:33,7
DA:34,1
DA:38,6
DA:39,1
DA:43,5
DA:45,2
DA:49,4
DA:50,14
DA:51,1
DA:55,3
DA:56,1
DA:59,2
DA:60,0
DA:63,2
DA:64,1
DA:67,1
DA:68,0
DA:71,1
DA:75,5
DA:78,5
DA:79,1
DA:83,4
DA:84,1
DA:88,3
DA:90,0
DA:94,3
DA:95,1
DA:98,2
DA:99,0
DA:104,3
DA:105,3
DA:106,1
DA:108,2
LF:48
LH:42
BRDA:11,0,0,1
BRDA:17,1,0,0
BRDA:21,2,0,1
BRDA:21,3,0,9
BRDA:21,3,1,8
BRDA:25,4,0,0
BRDA:29,5,0,1
BRDA:29,6,0,8
BRDA:29,6,1,8
BRDA:33,7,0,1
BRDA:33,8,0,7
BRDA:33,8,1,6
BRDA:38,9,0,1
BRDA:50,10,0,1
BRDA:55,11,0,1
BRDA:59,12,0,0
BRDA:63,13,0,1
BRDA:63,14,0,2
BRDA:63,14,1,2
BRDA:67,15,0,0
BRDA:78,16,0,1
BRDA:78,17,0,5
BRDA:78,17,1,2
BRDA:83,18,0,1
BRDA:83,19,0,4
BRDA:83,19,1,2
BRDA:88,20,0,0
BRDA:88,21,0,3
BRDA:88,21,1,2
BRDA:88,21,2,2
BRDA:88,21,3,2
BRDA:94,22,0,1
BRDA:94,23,0,3
BRDA:94,23,1,1
BRDA:94,23,2,1
BRDA:98,24,0,0
BRDA:98,25,0,2
BRDA:98,25,1,1
BRDA:98,25,2,1
BRF:39
BRH:33
end_of_record
